15:19:13.514 skipping bootstrap configuration: could not find or read file: classpath:karate-config.js
15:19:14.801 request:
1 > GET https://petstore.swagger.io/v2/user/login?username=ella123%40hotmail.com&password=12345_E
1 > Accept-Encoding: gzip,deflate
1 > Connection: Keep-Alive
1 > Host: petstore.swagger.io
1 > User-Agent: Apache-HttpClient/4.5.11 (Java/1.8.0_231)
1 > accept: application/json

15:19:15.439 response time in milliseconds: 636,62
1 < 200
1 < Access-Control-Allow-Headers: Content-Type, api_key, Authorization
1 < Access-Control-Allow-Methods: GET, POST, DELETE, PUT
1 < Access-Control-Allow-Origin: *
1 < Connection: keep-alive
1 < Content-Type: application/json
1 < Date: Sun, 19 Jul 2020 20:19:15 GMT
1 < Server: Jetty(9.2.9.v20150224)
1 < X-Expires-After: Sun Jul 19 21:19:15 UTC 2020
1 < X-Rate-Limit: 5000
1 < transfer-encoding: chunked
{"code":200,"type":"unknown","message":"logged in user session:1595189955390"}

 $, actual: {"code":200,"type":"unknown","message":"0"}, expected: {id=0, username=Ella0102, firstName=Ella, lastName=Acosta, email=ella123@hotmail.com, password=12345_E, phone=3107777777, userStatus=0}, reason: all key-values did not match, expected has un-matched keys: [id, username, firstName, lastName, email, password, phone, userStatus]
